# JRE version: OpenJDK Runtime Environment (8.0_212-b04) (build 1.8.0_212-release-1586-b04)
# Java VM: OpenJDK 64-Bit Server VM (25.212-b04 mixed mode windows-amd64 compressed oops)
Heap:
 PSYoungGen      total 617472K, used 477643K [0x00000000d5580000, 0x00000000ff780000, 0x0000000100000000)
  eden space 545792K, 82% used [0x00000000d5580000,0x00000000f0c99da0,0x00000000f6a80000)
  from space 71680K, 39% used [0x00000000fb180000,0x00000000fccd90f8,0x00000000ff780000)
  to   space 72192K, 0% used [0x00000000f6a80000,0x00000000f6a80000,0x00000000fb100000)
 ParOldGen       total 339456K, used 104873K [0x0000000080000000, 0x0000000094b80000, 0x00000000d5580000)
  object space 339456K, 30% used [0x0000000080000000,0x000000008666a5b0,0x0000000094b80000)
 Metaspace       used 124384K, capacity 131537K, committed 131840K, reserved 1163264K
  class space    used 16198K, capacity 17604K, committed 17664K, reserved 1048576K
GC Heap History (10 events):
Event: 81.527 GC heap before
{Heap before GC invocations=28 (full 4):
 PSYoungGen      total 385536K, used 380522K [0x00000000d5580000, 0x00000000f5900000, 0x0000000100000000)
  eden space 327680K, 100% used [0x00000000d5580000,0x00000000e9580000,0x00000000e9580000)
  from space 57856K, 91% used [0x00000000e9580000,0x00000000ec91abd8,0x00000000ece00000)
  to   space 64000K, 0% used [0x00000000f1a80000,0x00000000f1a80000,0x00000000f5900000)
 ParOldGen       total 339456K, used 74021K [0x0000000080000000, 0x0000000094b80000, 0x00000000d5580000)
  object space 339456K, 21% used [0x0000000080000000,0x00000000848496d8,0x0000000094b80000)
 Metaspace       used 123544K, capacity 130697K, committed 131072K, reserved 1163264K
  class space    used 16121K, capacity 17542K, committed 17664K, reserved 1048576K
Event: 81.557 GC heap after
Heap after GC invocations=28 (full 4):
 PSYoungGen      total 459264K, used 51203K [0x00000000d5580000, 0x00000000f6600000, 0x0000000100000000)
  eden space 395264K, 0% used [0x00000000d5580000,0x00000000d5580000,0x00000000ed780000)
  from space 64000K, 80% used [0x00000000f1a80000,0x00000000f4c80d30,0x00000000f5900000)
  to   space 68608K, 0% used [0x00000000ed780000,0x00000000ed780000,0x00000000f1a80000)
 ParOldGen       total 339456K, used 74029K [0x0000000080000000, 0x0000000094b80000, 0x00000000d5580000)
  object space 339456K, 21% used [0x0000000080000000,0x000000008484b6d8,0x0000000094b80000)
 Metaspace       used 123544K, capacity 130697K, committed 131072K, reserved 1163264K
  class space    used 16121K, capacity 17542K, committed 17664K, reserved 1048576K
}
Event: 81.992 GC heap before
{Heap before GC invocations=29 (full 4):
 PSYoungGen      total 459264K, used 446467K [0x00000000d5580000, 0x00000000f6600000, 0x0000000100000000)
  eden space 395264K, 100% used [0x00000000d5580000,0x00000000ed780000,0x00000000ed780000)
  from space 64000K, 80% used [0x00000000f1a80000,0x00000000f4c80d30,0x00000000f5900000)
  to   space 68608K, 0% used [0x00000000ed780000,0x00000000ed780000,0x00000000f1a80000)
 ParOldGen       total 339456K, used 74029K [0x0000000080000000, 0x0000000094b80000, 0x00000000d5580000)
  object space 339456K, 21% used [0x0000000080000000,0x000000008484b6d8,0x0000000094b80000)
 Metaspace       used 124077K, capacity 131195K, committed 131328K, reserved 1163264K
  class space    used 16186K, capacity 17603K, committed 17664K, reserved 1048576K
Event: 82.028 GC heap after
Heap after GC invocations=29 (full 4):
 PSYoungGen      total 463872K, used 67418K [0x00000000d5580000, 0x00000000fb680000, 0x0000000100000000)
  eden space 395264K, 0% used [0x00000000d5580000,0x00000000d5580000,0x00000000ed780000)
  from space 68608K, 98% used [0x00000000ed780000,0x00000000f1956858,0x00000000f1a80000)
  to   space 77824K, 0% used [0x00000000f6a80000,0x00000000f6a80000,0x00000000fb680000)
 ParOldGen       total 339456K, used 81671K [0x0000000080000000, 0x0000000094b80000, 0x00000000d5580000)
  object space 339456K, 24% used [0x0000000080000000,0x0000000084fc1f10,0x0000000094b80000)
 Metaspace       used 124077K, capacity 131195K, committed 131328K, reserved 1163264K
  class space    used 16186K, capacity 17603K, committed 17664K, reserved 1048576K
}
Event: 82.686 GC heap before
{Heap before GC invocations=30 (full 4):
 PSYoungGen      total 463872K, used 462682K [0x00000000d5580000, 0x00000000fb680000, 0x0000000100000000)
  eden space 395264K, 100% used [0x00000000d5580000,0x00000000ed780000,0x00000000ed780000)
  from space 68608K, 98% used [0x00000000ed780000,0x00000000f1956858,0x00000000f1a80000)
  to   space 77824K, 0% used [0x00000000f6a80000,0x00000000f6a80000,0x00000000fb680000)
 ParOldGen       total 339456K, used 81671K [0x0000000080000000, 0x0000000094b80000, 0x00000000d5580000)
  object space 339456K, 24% used [0x0000000080000000,0x0000000084fc1f10,0x0000000094b80000)
 Metaspace       used 124272K, capacity 131473K, committed 131584K, reserved 1163264K
  class space    used 16196K, capacity 17604K, committed 17664K, reserved 1048576K
Event: 82.720 GC heap after
Heap after GC invocations=30 (full 4):
 PSYoungGen      total 544768K, used 46657K [0x00000000d5580000, 0x00000000fb600000, 0x0000000100000000)
  eden space 467456K, 0% used [0x00000000d5580000,0x00000000d5580000,0x00000000f1e00000)
  from space 77312K, 60% used [0x00000000f6a80000,0x00000000f9810578,0x00000000fb600000)
  to   space 77824K, 0% used [0x00000000f1e00000,0x00000000f1e00000,0x00000000f6a00000)
 ParOldGen       total 339456K, used 91502K [0x0000000080000000, 0x0000000094b80000, 0x00000000d5580000)
  object space 339456K, 26% used [0x0000000080000000,0x000000008595bb88,0x0000000094b80000)
 Metaspace       used 124272K, capacity 131473K, committed 131584K, reserved 1163264K
  class space    used 16196K, capacity 17604K, committed 17664K, reserved 1048576K
}
Event: 83.353 GC heap before
{Heap before GC invocations=31 (full 4):
 PSYoungGen      total 544768K, used 514113K [0x00000000d5580000, 0x00000000fb600000, 0x0000000100000000)
  eden space 467456K, 100% used [0x00000000d5580000,0x00000000f1e00000,0x00000000f1e00000)
  from space 77312K, 60% used [0x00000000f6a80000,0x00000000f9810578,0x00000000fb600000)
  to   space 77824K, 0% used [0x00000000f1e00000,0x00000000f1e00000,0x00000000f6a00000)
 ParOldGen       total 339456K, used 91502K [0x0000000080000000, 0x0000000094b80000, 0x00000000d5580000)
  object space 339456K, 26% used [0x0000000080000000,0x000000008595bb88,0x0000000094b80000)
 Metaspace       used 124304K, capacity 131473K, committed 131584K, reserved 1163264K
  class space    used 16198K, capacity 17604K, committed 17664K, reserved 1048576K
Event: 83.379 GC heap after
Heap after GC invocations=31 (full 4):
 PSYoungGen      total 545280K, used 38856K [0x00000000d5580000, 0x00000000ffa80000, 0x0000000100000000)
  eden space 467456K, 0% used [0x00000000d5580000,0x00000000d5580000,0x00000000f1e00000)
  from space 77824K, 49% used [0x00000000f1e00000,0x00000000f43f23b0,0x00000000f6a00000)
  to   space 74752K, 0% used [0x00000000fb180000,0x00000000fb180000,0x00000000ffa80000)
 ParOldGen       total 339456K, used 96080K [0x0000000080000000, 0x0000000094b80000, 0x00000000d5580000)
  object space 339456K, 28% used [0x0000000080000000,0x0000000085dd43d8,0x0000000094b80000)
 Metaspace       used 124304K, capacity 131473K, committed 131584K, reserved 1163264K
  class space    used 16198K, capacity 17604K, committed 17664K, reserved 1048576K
}
Event: 84.346 GC heap before
{Heap before GC invocations=32 (full 4):
 PSYoungGen      total 545280K, used 506312K [0x00000000d5580000, 0x00000000ffa80000, 0x0000000100000000)
  eden space 467456K, 100% used [0x00000000d5580000,0x00000000f1e00000,0x00000000f1e00000)
  from space 77824K, 49% used [0x00000000f1e00000,0x00000000f43f23b0,0x00000000f6a00000)
  to   space 74752K, 0% used [0x00000000fb180000,0x00000000fb180000,0x00000000ffa80000)
 ParOldGen       total 339456K, used 96080K [0x0000000080000000, 0x0000000094b80000, 0x00000000d5580000)
  object space 339456K, 28% used [0x0000000080000000,0x0000000085dd43d8,0x0000000094b80000)
 Metaspace       used 124336K, capacity 131473K, committed 131584K, reserved 1163264K
  class space    used 16198K, capacity 17604K, committed 17664K, reserved 1048576K
Event: 84.374 GC heap after
Heap after GC invocations=32 (full 4):
 PSYoungGen      total 617472K, used 28004K [0x00000000d5580000, 0x00000000ff780000, 0x0000000100000000)
  eden space 545792K, 0% used [0x00000000d5580000,0x00000000d5580000,0x00000000f6a80000)
  from space 71680K, 39% used [0x00000000fb180000,0x00000000fccd90f8,0x00000000ff780000)
  to   space 72192K, 0% used [0x00000000f6a80000,0x00000000f6a80000,0x00000000fb100000)
 ParOldGen       total 339456K, used 104873K [0x0000000080000000, 0x0000000094b80000, 0x00000000d5580000)
  object space 339456K, 30% used [0x0000000080000000,0x000000008666a5b0,0x0000000094b80000)
 Metaspace       used 124336K, capacity 131473K, committed 131584K, reserved 1163264K
  class space    used 16198K, capacity 17604K, committed 17664K, reserved 1048576K
}

