# JRE version: OpenJDK Runtime Environment (8.0_212-b04) (build 1.8.0_212-release-1586-b04)
# Java VM: OpenJDK 64-Bit Server VM (25.212-b04 mixed mode windows-amd64 compressed oops)
Heap:
 PSYoungGen      total 202240K, used 93635K [0x00000000e0000000, 0x00000000ef580000, 0x0000000100000000)
  eden space 181760K, 43% used [0x00000000e0000000,0x00000000e4d12ea8,0x00000000eb180000)
  from space 20480K, 71% used [0x00000000eb180000,0x00000000ebfddf68,0x00000000ec580000)
  to   space 20992K, 0% used [0x00000000ee100000,0x00000000ee100000,0x00000000ef580000)
 ParOldGen       total 228352K, used 32419K [0x00000000a0000000, 0x00000000adf00000, 0x00000000e0000000)
  object space 228352K, 14% used [0x00000000a0000000,0x00000000a1fa8cb8,0x00000000adf00000)
 Metaspace       used 69125K, capacity 73144K, committed 73240K, reserved 1112064K
  class space    used 9419K, capacity 10189K, committed 10280K, reserved 1048576K
GC Heap History (10 events):
Event: 4.701 GC heap before
{Heap before GC invocations=10 (full 2):
 PSYoungGen      total 120320K, used 108032K [0x00000000e0000000, 0x00000000ec880000, 0x0000000100000000)
  eden space 108032K, 100% used [0x00000000e0000000,0x00000000e6980000,0x00000000e6980000)
  from space 12288K, 0% used [0x00000000e6980000,0x00000000e6980000,0x00000000e7580000)
  to   space 13312K, 0% used [0x00000000ebb80000,0x00000000ebb80000,0x00000000ec880000)
 ParOldGen       total 154112K, used 18437K [0x00000000a0000000, 0x00000000a9680000, 0x00000000e0000000)
  object space 154112K, 11% used [0x00000000a0000000,0x00000000a1201670,0x00000000a9680000)
 Metaspace       used 44045K, capacity 45386K, committed 45480K, reserved 1089536K
  class space    used 5980K, capacity 6298K, committed 6312K, reserved 1048576K
Event: 4.710 GC heap after
Heap after GC invocations=10 (full 2):
 PSYoungGen      total 162816K, used 12954K [0x00000000e0000000, 0x00000000ec880000, 0x0000000100000000)
  eden space 149504K, 0% used [0x00000000e0000000,0x00000000e0000000,0x00000000e9200000)
  from space 13312K, 97% used [0x00000000ebb80000,0x00000000ec826a20,0x00000000ec880000)
  to   space 14336K, 0% used [0x00000000eac80000,0x00000000eac80000,0x00000000eba80000)
 ParOldGen       total 154112K, used 18445K [0x00000000a0000000, 0x00000000a9680000, 0x00000000e0000000)
  object space 154112K, 11% used [0x00000000a0000000,0x00000000a1203670,0x00000000a9680000)
 Metaspace       used 44045K, capacity 45386K, committed 45480K, reserved 1089536K
  class space    used 5980K, capacity 6298K, committed 6312K, reserved 1048576K
}
Event: 5.793 GC heap before
{Heap before GC invocations=11 (full 2):
 PSYoungGen      total 162816K, used 162458K [0x00000000e0000000, 0x00000000ec880000, 0x0000000100000000)
  eden space 149504K, 100% used [0x00000000e0000000,0x00000000e9200000,0x00000000e9200000)
  from space 13312K, 97% used [0x00000000ebb80000,0x00000000ec826a20,0x00000000ec880000)
  to   space 14336K, 0% used [0x00000000eac80000,0x00000000eac80000,0x00000000eba80000)
 ParOldGen       total 154112K, used 18445K [0x00000000a0000000, 0x00000000a9680000, 0x00000000e0000000)
  object space 154112K, 11% used [0x00000000a0000000,0x00000000a1203670,0x00000000a9680000)
 Metaspace       used 55238K, capacity 57318K, committed 57640K, reserved 1099776K
  class space    used 7644K, capacity 8106K, committed 8232K, reserved 1048576K
Event: 5.807 GC heap after
Heap after GC invocations=11 (full 2):
 PSYoungGen      total 190976K, used 14332K [0x00000000e0000000, 0x00000000ed880000, 0x0000000100000000)
  eden space 176640K, 0% used [0x00000000e0000000,0x00000000e0000000,0x00000000eac80000)
  from space 14336K, 99% used [0x00000000eac80000,0x00000000eba7f320,0x00000000eba80000)
  to   space 19456K, 0% used [0x00000000ec580000,0x00000000ec580000,0x00000000ed880000)
 ParOldGen       total 154112K, used 26603K [0x00000000a0000000, 0x00000000a9680000, 0x00000000e0000000)
  object space 154112K, 17% used [0x00000000a0000000,0x00000000a19fadc0,0x00000000a9680000)
 Metaspace       used 55238K, capacity 57318K, committed 57640K, reserved 1099776K
  class space    used 7644K, capacity 8106K, committed 8232K, reserved 1048576K
}
Event: 6.057 GC heap before
{Heap before GC invocations=12 (full 2):
 PSYoungGen      total 190976K, used 57318K [0x00000000e0000000, 0x00000000ed880000, 0x0000000100000000)
  eden space 176640K, 24% used [0x00000000e0000000,0x00000000e29fa7a8,0x00000000eac80000)
  from space 14336K, 99% used [0x00000000eac80000,0x00000000eba7f320,0x00000000eba80000)
  to   space 19456K, 0% used [0x00000000ec580000,0x00000000ec580000,0x00000000ed880000)
 ParOldGen       total 154112K, used 26603K [0x00000000a0000000, 0x00000000a9680000, 0x00000000e0000000)
  object space 154112K, 17% used [0x00000000a0000000,0x00000000a19fadc0,0x00000000a9680000)
 Metaspace       used 56866K, capacity 58976K, committed 59160K, reserved 1099776K
  class space    used 7906K, capacity 8364K, committed 8488K, reserved 1048576K
Event: 6.067 GC heap after
Heap after GC invocations=12 (full 2):
 PSYoungGen      total 201216K, used 16944K [0x00000000e0000000, 0x00000000f0200000, 0x0000000100000000)
  eden space 181760K, 0% used [0x00000000e0000000,0x00000000e0000000,0x00000000eb180000)
  from space 19456K, 87% used [0x00000000ec580000,0x00000000ed60c0e8,0x00000000ed880000)
  to   space 20480K, 0% used [0x00000000eb180000,0x00000000eb180000,0x00000000ec580000)
 ParOldGen       total 154112K, used 26611K [0x00000000a0000000, 0x00000000a9680000, 0x00000000e0000000)
  object space 154112K, 17% used [0x00000000a0000000,0x00000000a19fcdc0,0x00000000a9680000)
 Metaspace       used 56866K, capacity 58976K, committed 59160K, reserved 1099776K
  class space    used 7906K, capacity 8364K, committed 8488K, reserved 1048576K
}
Event: 6.067 GC heap before
{Heap before GC invocations=13 (full 3):
 PSYoungGen      total 201216K, used 16944K [0x00000000e0000000, 0x00000000f0200000, 0x0000000100000000)
  eden space 181760K, 0% used [0x00000000e0000000,0x00000000e0000000,0x00000000eb180000)
  from space 19456K, 87% used [0x00000000ec580000,0x00000000ed60c0e8,0x00000000ed880000)
  to   space 20480K, 0% used [0x00000000eb180000,0x00000000eb180000,0x00000000ec580000)
 ParOldGen       total 154112K, used 26611K [0x00000000a0000000, 0x00000000a9680000, 0x00000000e0000000)
  object space 154112K, 17% used [0x00000000a0000000,0x00000000a19fcdc0,0x00000000a9680000)
 Metaspace       used 56866K, capacity 58976K, committed 59160K, reserved 1099776K
  class space    used 7906K, capacity 8364K, committed 8488K, reserved 1048576K
Event: 6.299 GC heap after
Heap after GC invocations=13 (full 3):
 PSYoungGen      total 201216K, used 0K [0x00000000e0000000, 0x00000000f0200000, 0x0000000100000000)
  eden space 181760K, 0% used [0x00000000e0000000,0x00000000e0000000,0x00000000eb180000)
  from space 19456K, 0% used [0x00000000ec580000,0x00000000ec580000,0x00000000ed880000)
  to   space 20480K, 0% used [0x00000000eb180000,0x00000000eb180000,0x00000000ec580000)
 ParOldGen       total 228352K, used 32411K [0x00000000a0000000, 0x00000000adf00000, 0x00000000e0000000)
  object space 228352K, 14% used [0x00000000a0000000,0x00000000a1fa6cb8,0x00000000adf00000)
 Metaspace       used 56812K, capacity 58796K, committed 59160K, reserved 1099776K
  class space    used 7890K, capacity 8334K, committed 8488K, reserved 1048576K
}
Event: 7.423 GC heap before
{Heap before GC invocations=14 (full 3):
 PSYoungGen      total 201216K, used 181760K [0x00000000e0000000, 0x00000000f0200000, 0x0000000100000000)
  eden space 181760K, 100% used [0x00000000e0000000,0x00000000eb180000,0x00000000eb180000)
  from space 19456K, 0% used [0x00000000ec580000,0x00000000ec580000,0x00000000ed880000)
  to   space 20480K, 0% used [0x00000000eb180000,0x00000000eb180000,0x00000000ec580000)
 ParOldGen       total 228352K, used 32411K [0x00000000a0000000, 0x00000000adf00000, 0x00000000e0000000)
  object space 228352K, 14% used [0x00000000a0000000,0x00000000a1fa6cb8,0x00000000adf00000)
 Metaspace       used 63783K, capacity 67210K, committed 67480K, reserved 1107968K
  class space    used 8959K, capacity 9640K, committed 9640K, reserved 1048576K
Event: 7.431 GC heap after
Heap after GC invocations=14 (full 3):
 PSYoungGen      total 202240K, used 14711K [0x00000000e0000000, 0x00000000ef580000, 0x0000000100000000)
  eden space 181760K, 0% used [0x00000000e0000000,0x00000000e0000000,0x00000000eb180000)
  from space 20480K, 71% used [0x00000000eb180000,0x00000000ebfddf68,0x00000000ec580000)
  to   space 20992K, 0% used [0x00000000ee100000,0x00000000ee100000,0x00000000ef580000)
 ParOldGen       total 228352K, used 32419K [0x00000000a0000000, 0x00000000adf00000, 0x00000000e0000000)
  object space 228352K, 14% used [0x00000000a0000000,0x00000000a1fa8cb8,0x00000000adf00000)
 Metaspace       used 63783K, capacity 67210K, committed 67480K, reserved 1107968K
  class space    used 8959K, capacity 9640K, committed 9640K, reserved 1048576K
}

